Sikeresen letrehoztak egy jegmezot. Hovihar: 4 mulva lesz. A jegmezot sikerult letrehozni 4 hoviharCntvel
Sikeresen hozzáadva a jégmezõhöz az új frissithetõ. Jegtabla sikeresen letrehozva. A jegtablat sikerult letrehozni.
Parameterek: At van fordulva? true -1db ho van rajta  tartokepessege: 2 es 4 a szomszedainak a szama
Eddigi játékosok száma: 0 
Sikeresen hozzáadva a jégmezõhöz az új frissithetõ. Jatekos sikeresen hozzáadva a jégmezõhöz. Jatekos sikeresen letrehozva. Most van: 1 jatekos. Munka db: 4 ,testho: 4
Jatekos tipusa eszkimo.
Eddigi játékosok száma: 1 
Sikeresen hozzáadva a jégmezõhöz az új frissithetõ. Jatekos sikeresen hozzáadva a jégmezõhöz. Jatekos sikeresen letrehozva. Most van: 2 jatekos. Munka db: 1 ,testho: 4
Jatekos tipusa eszkimo.
A jegtablan 0 jatekos all. Jatekos sikeresen hozzaadva a jegtablahoz. A jegtablan 1 jatekos all. A jegtablan 1 jatekos all. Jatekos sikeresen hozzaadva a jegtablahoz. A jegtablan 2 jatekos all. Sikeresen letrehoztak egy jelzopisztolyt. Jelzopisztoly hozzadva 0 idvel
Sikeresen letrehoztak egy jelzopisztolyt. Jelzopisztoly hozzadva 1 idvel
Most a2 idju jegtabla targyat fogjuk allitani
A jegtablahoz a targy sikeresen at lett allitva. A2 idju jegtabla targya: Jelzopisztoly
A jatekos targyai: Játékos jegtablaId = 2 A jegtablan Jelzopisztoly targy van 
 A jatekos MunkaDB-ja: 4. A jegtablan levo ho mennyisege: -1. Targy hozzaadva. Jelzopisztoly sikeresen felveve. JelzopisztolyDB-ok szama sikeresen novelve. A jegtablarol valo targy felvetel sikeres volt.  A targyfelvetel sikerultMunkaDB sikeresen csökkentve.  A jatekos MunkaDB-ja: 3. A jatekos targyai: 1. - Jelzopisztoly 
Most a2 idju jegtabla targyat fogjuk allitani
A jegtablahoz a targy sikeresen at lett allitva. A2 idju jegtabla targya: Jelzopisztoly
A jatekos targyai: Játékos jegtablaId = 2 A jegtablan Jelzopisztoly targy van 
 A jatekos MunkaDB-ja: 1. A jegtablan levo ho mennyisege: -1. Targy hozzaadva. Jelzopisztoly sikeresen felveve. JelzopisztolyDB-ok szama sikeresen novelve. A jegtablarol valo targy felvetel sikeres volt.  A targyfelvetel sikerultMunkaDB sikeresen csökkentve.  A jatekos MunkaDB-ja: 0. A jatekos targyai: 1. - Jelzopisztoly 
A jatekosnak MunkaDB-ja: 3. Ez egy jelzopisztoly. JelzopisztolyDB-ok szama: 2. Sikertelen összeszerelés :/. A targy hasznalat nem sikerult. A jatekosnak MunkaDB-ja: 3. Most a2 idju jegtabla targyat fogjuk allitani
A jegtablahoz a targy sikeresen at lett allitva. A2 idju jegtabla targya: Jelzopisztoly
A jatekos targyai: 1. - Jelzopisztoly 
Játékos jegtablaId = 2 A jegtablan Jelzopisztoly targy van 
 A jatekos MunkaDB-ja: 3. A jegtablan levo ho mennyisege: -1. Targy hozzaadva. Jelzopisztoly sikeresen felveve. JelzopisztolyDB-ok szama sikeresen novelve. A jegtablarol valo targy felvetel sikeres volt.  A targyfelvetel sikerultMunkaDB sikeresen csökkentve.  A jatekos MunkaDB-ja: 2. A jatekos targyai: 1. - Jelzopisztoly 
2. - Jelzopisztoly 
A jatekosnak MunkaDB-ja: 0. A targy hasznalat nem sikerult, mert nincsenek targyai a jatekosnak, vagy nincs eleg munkaDB-ja. A jatekosnak MunkaDB-ja: 0. A jatekosnak MunkaDB-ja: 2. Ez egy jelzopisztoly. JelzopisztolyDB-ok szama: 3. Sikeres összeszerelés (pew pew). Vege a jateknak. Nyertetetek! A targyhasznalat sikerult. MunkaDB sikeresen csökkentve. A jatekosnak MunkaDB-ja: 1. 