Sikeresen letrehoztak egy jegmezot. Hovihar: 4 mulva lesz. A jegmezot sikerult letrehozni 4 hoviharCntvel
Sikeresen hozz?adva a j?gmez?h?z az ?j frissithet?. Jegtabla sikeresen letrehozva. A jegtablat sikerult letrehozni.
Parameterek: At van fordulva? true 1db ho van rajta  tartokepessege: 0 es 1 a szomszedainak a szama
Sikeresen hozz?adva a j?gmez?h?z az ?j frissithet?. Jegtabla sikeresen letrehozva. A jegtablat sikerult letrehozni.
Parameterek: At van fordulva? true 1db ho van rajta  tartokepessege: 3 es 1 a szomszedainak a szama
Most a2 idju jegtabla szomszedjat fogjuk allitani
Szomszed sikeresen beallitva. A2 idju jegtabla  a 90 szogbe levo szomszedjanak az IDje:  3
Most a3 idju jegtabla szomszedjat fogjuk allitani
Szomszed sikeresen beallitva. A3 idju jegtabla  a 270 szogbe levo szomszedjanak az IDje:  2
Eddigi játékosok száma: 4 
Sikeresen hozz?adva a j?gmez?h?z az ?j frissithet?. Jatekos sikeresen hozz?adva a j?gmez?h?z. Jatekos sikeresen letrehozva. Most van: 1 jatekos. Munka db: 2 ,testho: 4
Jatekos tipusa eszkimo.
Eddigi játékosok száma: 4 
Sikeresen hozz?adva a j?gmez?h?z az ?j frissithet?. Jatekos sikeresen hozz?adva a j?gmez?h?z. Jatekos sikeresen letrehozva. Most van: 2 jatekos. Munka db: 2 ,testho: 4
Jatekos tipusa eszkimo.
Eddigi játékosok száma: 4 
Sikeresen hozz?adva a j?gmez?h?z az ?j frissithet?. Jatekos sikeresen hozz?adva a j?gmez?h?z. Jatekos sikeresen letrehozva. Most van: 3 jatekos. Munka db: 0 ,testho: 4
Jatekos tipusa eszkimo.
A jegtablan 0 jatekos all. Jatekos sikeresen hozzaadva a jegtablahoz. A jegtablan 1 jatekos all. A jegtablan 0 jatekos all. Jatekos sikeresen hozzaadva a jegtablahoz. A jegtablan 1 jatekos all. A jegtablan 1 jatekos all. Jatekos sikeresen hozzaadva a jegtablahoz. A jegtablan 2 jatekos all. Sikeresen letrehoztak egy kotelet. Kotel hozzadva 7 idvel
A jatekos targyai: Targy hozzaadva. A jatekos targyai: 1. - Kotel 
A jatekos targyai: Targy hozzaadva. A jatekos targyai: 1. - Kotel 
A jatekosnak MunkaDB-ja: 0. A targy hasznalat nem sikerult, mert nincsenek targyai a jatekosnak, vagy nincs eleg munkaDB-ja. A jatekosnak MunkaDB-ja: 0. A jatekosnak MunkaDB-ja: 2. A targy hasznalat nem sikerult, mert nincsenen ilyen indexu targya a jatekosnak. A jatekosnak MunkaDB-ja: 2. 